  E7-422526108.cpp
C:\Users\ciber\Desktop\Computer-Graphics-OpenGL\Practica8\Window.h(12,36): warning C4244: 'return': conversión de 'GLint' a 'GLfloat'; posible pérdida de datos
  (compilando archivo de origen "E7-422526108.cpp")
  
C:\Users\ciber\Desktop\Computer-Graphics-OpenGL\Practica8\Window.h(13,37): warning C4244: 'return': conversión de 'GLint' a 'GLfloat'; posible pérdida de datos
  (compilando archivo de origen "E7-422526108.cpp")
  
C:\Users\ciber\Desktop\Computer-Graphics-OpenGL\Practica8\E7-422526108.cpp(325,25): warning C4244: 'inicializando': conversión de 'double' a 'GLfloat'; posible pérdida de datos
C:\Users\ciber\Desktop\Computer-Graphics-OpenGL\Practica8\E7-422526108.cpp(327,43): warning C4244: '+=': conversión de 'double' a 'GLfloat'; posible pérdida de datos
  Window.cpp
C:\Users\ciber\Desktop\Computer-Graphics-OpenGL\Practica8\Window.h(12,36): warning C4244: 'return': conversión de 'GLint' a 'GLfloat'; posible pérdida de datos
  (compilando archivo de origen "Window.cpp")
  
C:\Users\ciber\Desktop\Computer-Graphics-OpenGL\Practica8\Window.h(13,37): warning C4244: 'return': conversión de 'GLint' a 'GLfloat'; posible pérdida de datos
  (compilando archivo de origen "Window.cpp")
  
  Generando código...
C:\Users\ciber\Desktop\Computer-Graphics-OpenGL\Practica8\Window.cpp(9,12): warning C4553: "==": el resultado de la expresión no se usa. ¿Quiso decir "="?
C:\Users\ciber\Desktop\Computer-Graphics-OpenGL\Practica8\Window.cpp(192,22): warning C4244: '=': conversión de 'double' a 'GLfloat'; posible pérdida de datos
C:\Users\ciber\Desktop\Computer-Graphics-OpenGL\Practica8\Window.cpp(193,22): warning C4244: '=': conversión de 'double' a 'GLfloat'; posible pérdida de datos
C:\Users\ciber\Desktop\Computer-Graphics-OpenGL\Practica8\Window.cpp(197,28): warning C4244: '=': conversión de 'double' a 'GLfloat'; posible pérdida de datos
C:\Users\ciber\Desktop\Computer-Graphics-OpenGL\Practica8\Window.cpp(198,40): warning C4244: '=': conversión de 'double' a 'GLfloat'; posible pérdida de datos
C:\Users\ciber\Desktop\Computer-Graphics-OpenGL\Practica8\Window.cpp(200,21): warning C4244: '=': conversión de 'double' a 'GLfloat'; posible pérdida de datos
C:\Users\ciber\Desktop\Computer-Graphics-OpenGL\Practica8\Window.cpp(201,21): warning C4244: '=': conversión de 'double' a 'GLfloat'; posible pérdida de datos
C:\Users\ciber\Desktop\Computer-Graphics-OpenGL\Practica8\Window.cpp(89,1): warning C4715: 'Window::Initialise': no todas las rutas de acceso de control devuelven un valor
  Practica7.vcxproj -> C:\Users\ciber\Desktop\Computer-Graphics-OpenGL\Practica8\Debug\Practica7.exe
