  E04-422526108.cpp
C:\Users\ciber\Lab-CGeIHC\Practica4\Window.h(12,36): warning C4244: 'return': conversión de 'GLint' a 'GLfloat'; posible pérdida de datos
  (compilando archivo de origen "E04-422526108.cpp")
  
C:\Users\ciber\Lab-CGeIHC\Practica4\Window.h(13,37): warning C4244: 'return': conversión de 'GLint' a 'GLfloat'; posible pérdida de datos
  (compilando archivo de origen "E04-422526108.cpp")
  
C:\Users\ciber\Lab-CGeIHC\Practica4\E04-422526108.cpp(28,36): warning C4305: 'inicializando': truncamiento de 'double' a 'float'
C:\Users\ciber\Lab-CGeIHC\Practica4\E04-422526108.cpp(192,16): warning C4018: '<': no coinciden signed/unsigned
C:\Users\ciber\Lab-CGeIHC\Practica4\E04-422526108.cpp(234,32): warning C4244: 'argumento': conversión de 'double' a '_Ty'; posible pérdida de datos
C:\Users\ciber\Lab-CGeIHC\Practica4\E04-422526108.cpp(234,32): warning C4244:         with
C:\Users\ciber\Lab-CGeIHC\Practica4\E04-422526108.cpp(234,32): warning C4244:         [
C:\Users\ciber\Lab-CGeIHC\Practica4\E04-422526108.cpp(234,32): warning C4244:             _Ty=GLfloat
C:\Users\ciber\Lab-CGeIHC\Practica4\E04-422526108.cpp(234,32): warning C4244:         ]
C:\Users\ciber\Lab-CGeIHC\Practica4\E04-422526108.cpp(236,32): warning C4244: 'argumento': conversión de 'double' a '_Ty'; posible pérdida de datos
C:\Users\ciber\Lab-CGeIHC\Practica4\E04-422526108.cpp(236,32): warning C4244:         with
C:\Users\ciber\Lab-CGeIHC\Practica4\E04-422526108.cpp(236,32): warning C4244:         [
C:\Users\ciber\Lab-CGeIHC\Practica4\E04-422526108.cpp(236,32): warning C4244:             _Ty=GLfloat
C:\Users\ciber\Lab-CGeIHC\Practica4\E04-422526108.cpp(236,32): warning C4244:         ]
C:\Users\ciber\Lab-CGeIHC\Practica4\E04-422526108.cpp(327,15): warning C4244: 'inicializando': conversión de 'double' a 'GLfloat'; posible pérdida de datos
C:\Users\ciber\Lab-CGeIHC\Practica4\E04-422526108.cpp(329,33): warning C4244: '+=': conversión de 'double' a 'GLfloat'; posible pérdida de datos
LINK : warning LNK4098: la biblioteca predeterminada'MSVCRT' entra en conflicto con otras bibliotecas; use la biblioteca /NODEFAULTLIB:biblioteca
  Practica4.vcxproj -> C:\Users\ciber\Lab-CGeIHC\Practica4\Debug\Practica4.exe
