  P7-422526108.cpp
C:\Users\ciber\Documents\Computer-Graphics-OpenGL\Ejercicios\Ejercicio8\Window.h(12,36): warning C4244: 'return': conversión de 'GLint' a 'GLfloat'; posible pérdida de datos
  (compilando archivo de origen "P7-422526108.cpp")
  
C:\Users\ciber\Documents\Computer-Graphics-OpenGL\Ejercicios\Ejercicio8\Window.h(13,37): warning C4244: 'return': conversión de 'GLint' a 'GLfloat'; posible pérdida de datos
  (compilando archivo de origen "P7-422526108.cpp")
  
C:\Users\ciber\Documents\Computer-Graphics-OpenGL\Ejercicios\Ejercicio8\P7-422526108.cpp(375,15): warning C4244: 'inicializando': conversión de 'double' a 'GLfloat'; posible pérdida de datos
C:\Users\ciber\Documents\Computer-Graphics-OpenGL\Ejercicios\Ejercicio8\P7-422526108.cpp(377,33): warning C4244: '+=': conversión de 'double' a 'GLfloat'; posible pérdida de datos
  Window.cpp
C:\Users\ciber\Documents\Computer-Graphics-OpenGL\Ejercicios\Ejercicio8\Window.h(12,36): warning C4244: 'return': conversión de 'GLint' a 'GLfloat'; posible pérdida de datos
  (compilando archivo de origen "Window.cpp")
  
C:\Users\ciber\Documents\Computer-Graphics-OpenGL\Ejercicios\Ejercicio8\Window.h(13,37): warning C4244: 'return': conversión de 'GLint' a 'GLfloat'; posible pérdida de datos
  (compilando archivo de origen "Window.cpp")
  
C:\Users\ciber\Documents\Computer-Graphics-OpenGL\Ejercicios\Ejercicio8\Window.cpp(158,22): warning C4244: '=': conversión de 'double' a 'GLfloat'; posible pérdida de datos
C:\Users\ciber\Documents\Computer-Graphics-OpenGL\Ejercicios\Ejercicio8\Window.cpp(159,22): warning C4244: '=': conversión de 'double' a 'GLfloat'; posible pérdida de datos
C:\Users\ciber\Documents\Computer-Graphics-OpenGL\Ejercicios\Ejercicio8\Window.cpp(163,28): warning C4244: '=': conversión de 'double' a 'GLfloat'; posible pérdida de datos
C:\Users\ciber\Documents\Computer-Graphics-OpenGL\Ejercicios\Ejercicio8\Window.cpp(164,40): warning C4244: '=': conversión de 'double' a 'GLfloat'; posible pérdida de datos
C:\Users\ciber\Documents\Computer-Graphics-OpenGL\Ejercicios\Ejercicio8\Window.cpp(166,21): warning C4244: '=': conversión de 'double' a 'GLfloat'; posible pérdida de datos
C:\Users\ciber\Documents\Computer-Graphics-OpenGL\Ejercicios\Ejercicio8\Window.cpp(167,21): warning C4244: '=': conversión de 'double' a 'GLfloat'; posible pérdida de datos
  Generando código...
C:\Users\ciber\Documents\Computer-Graphics-OpenGL\Ejercicios\Ejercicio8\Window.cpp(81,1): warning C4715: 'Window::Initialise': no todas las rutas de acceso de control devuelven un valor
LINK : warning LNK4098: la biblioteca predeterminada'MSVCRT' entra en conflicto con otras bibliotecas; use la biblioteca /NODEFAULTLIB:biblioteca
  Practica7.vcxproj -> C:\Users\ciber\Documents\Computer-Graphics-OpenGL\Ejercicios\Ejercicio8\Debug\Practica7.exe
