C:\Program Files\Microsoft Visual Studio\2022\Community\MSBuild\Microsoft\VC\v170\Microsoft.CppBuild.targets(534,5): warning MSB8028: El directorio intermedio (Ejercicio02\x64\Debug\) contiene archivos compartidos de otro proyecto (Practica1.vcxproj). Esto puede dar lugar a un comportamiento incorrecto de limpieza y recompilación.
  new_main.cpp
C:\Users\ciber\Lab-11-CGeIHC\Ejercicio02\new_main.cpp(48,10): warning C4101: 'infoLog': variable local sin referencia
C:\Users\ciber\Lab-11-CGeIHC\Ejercicio02\new_main.cpp(47,9): warning C4101: 'success': variable local sin referencia
  Shader.cpp
C:\Users\ciber\Lab-11-CGeIHC\Ejercicio02\Shader.cpp(118,24): warning C4267: '=': conversión de 'size_t' a 'GLint'; posible pérdida de datos
  Window.cpp
C:\Users\ciber\Lab-11-CGeIHC\Ejercicio02\Window.h(12,36): warning C4244: 'return': conversión de 'GLint' a 'GLfloat'; posible pérdida de datos
  (compilando archivo de origen "Window.cpp")
  
C:\Users\ciber\Lab-11-CGeIHC\Ejercicio02\Window.h(13,37): warning C4244: 'return': conversión de 'GLint' a 'GLfloat'; posible pérdida de datos
  (compilando archivo de origen "Window.cpp")
  
  Generando código...
C:\Users\ciber\Lab-11-CGeIHC\Ejercicio02\Window.cpp(74,1): warning C4715: 'Window::Initialise': no todas las rutas de acceso de control devuelven un valor
Mesh.obj : error LNK2019: símbolo externo __imp___glewBindBuffer sin resolver al que se hace referencia en la función "public: void __cdecl Mesh::CreateMesh(float *,unsigned int *,unsigned int,unsigned int)" (?CreateMesh@Mesh@@QEAAXPEAMPEAIII@Z)
new_main.obj : error LNK2001: símbolo externo __imp___glewBindBuffer sin resolver
Mesh.obj : error LNK2019: símbolo externo __imp___glewBufferData sin resolver al que se hace referencia en la función "public: void __cdecl Mesh::CreateMesh(float *,unsigned int *,unsigned int,unsigned int)" (?CreateMesh@Mesh@@QEAAXPEAMPEAIII@Z)
new_main.obj : error LNK2001: símbolo externo __imp___glewBufferData sin resolver
Mesh.obj : error LNK2019: símbolo externo __imp___glewDeleteBuffers sin resolver al que se hace referencia en la función "public: void __cdecl Mesh::ClearMesh(void)" (?ClearMesh@Mesh@@QEAAXXZ)
Mesh.obj : error LNK2019: símbolo externo __imp___glewGenBuffers sin resolver al que se hace referencia en la función "public: void __cdecl Mesh::CreateMesh(float *,unsigned int *,unsigned int,unsigned int)" (?CreateMesh@Mesh@@QEAAXPEAMPEAIII@Z)
new_main.obj : error LNK2001: símbolo externo __imp___glewGenBuffers sin resolver
Mesh.obj : error LNK2019: símbolo externo __imp___glewEnableVertexAttribArray sin resolver al que se hace referencia en la función "public: void __cdecl Mesh::CreateMesh(float *,unsigned int *,unsigned int,unsigned int)" (?CreateMesh@Mesh@@QEAAXPEAMPEAIII@Z)
new_main.obj : error LNK2001: símbolo externo __imp___glewEnableVertexAttribArray sin resolver
Mesh.obj : error LNK2019: símbolo externo __imp___glewVertexAttribPointer sin resolver al que se hace referencia en la función "public: void __cdecl Mesh::CreateMesh(float *,unsigned int *,unsigned int,unsigned int)" (?CreateMesh@Mesh@@QEAAXPEAMPEAIII@Z)
new_main.obj : error LNK2001: símbolo externo __imp___glewVertexAttribPointer sin resolver
Mesh.obj : error LNK2019: símbolo externo __imp___glewBindVertexArray sin resolver al que se hace referencia en la función "public: void __cdecl Mesh::CreateMesh(float *,unsigned int *,unsigned int,unsigned int)" (?CreateMesh@Mesh@@QEAAXPEAMPEAIII@Z)
new_main.obj : error LNK2001: símbolo externo __imp___glewBindVertexArray sin resolver
Mesh.obj : error LNK2019: símbolo externo __imp___glewDeleteVertexArrays sin resolver al que se hace referencia en la función "public: void __cdecl Mesh::ClearMesh(void)" (?ClearMesh@Mesh@@QEAAXXZ)
Mesh.obj : error LNK2019: símbolo externo __imp___glewGenVertexArrays sin resolver al que se hace referencia en la función "public: void __cdecl Mesh::CreateMesh(float *,unsigned int *,unsigned int,unsigned int)" (?CreateMesh@Mesh@@QEAAXPEAMPEAIII@Z)
new_main.obj : error LNK2001: símbolo externo __imp___glewGenVertexArrays sin resolver
new_main.obj : error LNK2019: símbolo externo __imp_glewInit sin resolver al que se hace referencia en la función main
Window.obj : error LNK2001: símbolo externo __imp_glewInit sin resolver
new_main.obj : error LNK2019: símbolo externo glfwInit sin resolver al que se hace referencia en la función main
Window.obj : error LNK2001: símbolo externo glfwInit sin resolver
new_main.obj : error LNK2019: símbolo externo glfwTerminate sin resolver al que se hace referencia en la función main
Window.obj : error LNK2001: símbolo externo glfwTerminate sin resolver
new_main.obj : error LNK2019: símbolo externo glfwCreateWindow sin resolver al que se hace referencia en la función main
Window.obj : error LNK2001: símbolo externo glfwCreateWindow sin resolver
new_main.obj : error LNK2019: símbolo externo glfwWindowShouldClose sin resolver al que se hace referencia en la función main
new_main.obj : error LNK2019: símbolo externo glfwSetFramebufferSizeCallback sin resolver al que se hace referencia en la función main
new_main.obj : error LNK2019: símbolo externo glfwPollEvents sin resolver al que se hace referencia en la función main
new_main.obj : error LNK2019: símbolo externo glfwMakeContextCurrent sin resolver al que se hace referencia en la función main
Window.obj : error LNK2001: símbolo externo glfwMakeContextCurrent sin resolver
new_main.obj : error LNK2019: símbolo externo glfwSwapBuffers sin resolver al que se hace referencia en la función main
new_main.obj : error LNK2019: símbolo externo __imp___glewAttachShader sin resolver al que se hace referencia en la función main
Shader.obj : error LNK2001: símbolo externo __imp___glewAttachShader sin resolver
new_main.obj : error LNK2019: símbolo externo __imp___glewCompileShader sin resolver al que se hace referencia en la función main
Shader.obj : error LNK2001: símbolo externo __imp___glewCompileShader sin resolver
new_main.obj : error LNK2019: símbolo externo __imp___glewCreateProgram sin resolver al que se hace referencia en la función main
Shader.obj : error LNK2001: símbolo externo __imp___glewCreateProgram sin resolver
new_main.obj : error LNK2019: símbolo externo __imp___glewCreateShader sin resolver al que se hace referencia en la función main
Shader.obj : error LNK2001: símbolo externo __imp___glewCreateShader sin resolver
new_main.obj : error LNK2019: símbolo externo __imp___glewDeleteShader sin resolver al que se hace referencia en la función main
new_main.obj : error LNK2019: símbolo externo __imp___glewGetUniformLocation sin resolver al que se hace referencia en la función main
Shader.obj : error LNK2001: símbolo externo __imp___glewGetUniformLocation sin resolver
new_main.obj : error LNK2019: símbolo externo __imp___glewLinkProgram sin resolver al que se hace referencia en la función main
Shader.obj : error LNK2001: símbolo externo __imp___glewLinkProgram sin resolver
new_main.obj : error LNK2019: símbolo externo __imp___glewShaderSource sin resolver al que se hace referencia en la función main
Shader.obj : error LNK2001: símbolo externo __imp___glewShaderSource sin resolver
new_main.obj : error LNK2019: símbolo externo __imp___glewUniform3f sin resolver al que se hace referencia en la función main
new_main.obj : error LNK2019: símbolo externo __imp___glewUseProgram sin resolver al que se hace referencia en la función main
Shader.obj : error LNK2001: símbolo externo __imp___glewUseProgram sin resolver
new_main.obj : error LNK2019: símbolo externo __imp_glewExperimental sin resolver al que se hace referencia en la función main
Window.obj : error LNK2001: símbolo externo __imp_glewExperimental sin resolver
Shader.obj : error LNK2019: símbolo externo __imp___glewDeleteProgram sin resolver al que se hace referencia en la función "public: void __cdecl Shader::ClearShader(void)" (?ClearShader@Shader@@QEAAXXZ)
Shader.obj : error LNK2019: símbolo externo __imp___glewGetProgramInfoLog sin resolver al que se hace referencia en la función "private: void __cdecl Shader::AddShader(unsigned int,char const *,unsigned int)" (?AddShader@Shader@@AEAAXIPEBDI@Z)
Shader.obj : error LNK2019: símbolo externo __imp___glewGetProgramiv sin resolver al que se hace referencia en la función "private: void __cdecl Shader::CompileShader(char const *,char const *)" (?CompileShader@Shader@@AEAAXPEBD0@Z)
Shader.obj : error LNK2019: símbolo externo __imp___glewGetShaderiv sin resolver al que se hace referencia en la función "private: void __cdecl Shader::AddShader(unsigned int,char const *,unsigned int)" (?AddShader@Shader@@AEAAXIPEBDI@Z)
Shader.obj : error LNK2019: símbolo externo __imp___glewValidateProgram sin resolver al que se hace referencia en la función "private: void __cdecl Shader::CompileShader(char const *,char const *)" (?CompileShader@Shader@@AEAAXPEBD0@Z)
Window.obj : error LNK2019: símbolo externo glfwWindowHint sin resolver al que se hace referencia en la función "public: int __cdecl Window::Initialise(void)" (?Initialise@Window@@QEAAHXZ)
Window.obj : error LNK2019: símbolo externo glfwDestroyWindow sin resolver al que se hace referencia en la función "public: __cdecl Window::~Window(void)" (??1Window@@QEAA@XZ)
Window.obj : error LNK2019: símbolo externo glfwSetWindowShouldClose sin resolver al que se hace referencia en la función "private: static void __cdecl Window::ManejaTeclado(struct GLFWwindow *,int,int,int,int)" (?ManejaTeclado@Window@@CAXPEAUGLFWwindow@@HHHH@Z)
Window.obj : error LNK2019: símbolo externo glfwGetFramebufferSize sin resolver al que se hace referencia en la función "public: int __cdecl Window::Initialise(void)" (?Initialise@Window@@QEAAHXZ)
Window.obj : error LNK2019: símbolo externo glfwSetWindowUserPointer sin resolver al que se hace referencia en la función "public: int __cdecl Window::Initialise(void)" (?Initialise@Window@@QEAAHXZ)
Window.obj : error LNK2019: símbolo externo glfwGetWindowUserPointer sin resolver al que se hace referencia en la función "private: static void __cdecl Window::ManejaTeclado(struct GLFWwindow *,int,int,int,int)" (?ManejaTeclado@Window@@CAXPEAUGLFWwindow@@HHHH@Z)
Window.obj : error LNK2019: símbolo externo glfwGetKeyName sin resolver al que se hace referencia en la función "private: static void __cdecl Window::ManejaTeclado(struct GLFWwindow *,int,int,int,int)" (?ManejaTeclado@Window@@CAXPEAUGLFWwindow@@HHHH@Z)
Window.obj : error LNK2019: símbolo externo glfwSetKeyCallback sin resolver al que se hace referencia en la función "private: void __cdecl Window::createCallbacks(void)" (?createCallbacks@Window@@AEAAXXZ)
lib\glew32.lib : warning LNK4272: el tipo de máquina de biblioteca 'x86' está en conflicto con el tipo de máquina de destino 'x64'
lib\glfw3.lib : warning LNK4272: el tipo de máquina de biblioteca 'x86' está en conflicto con el tipo de máquina de destino 'x64'
C:\Users\ciber\Lab-11-CGeIHC\Ejercicio02\x64\Debug\Ejercicio02.exe : fatal error LNK1120: 42 externos sin resolver
